2026-01-21 10:17:17,906 INFO: Arrancando KOOL_TPV - PID: 4214
2026-01-21 10:20:27,673 INFO: Arrancando KOOL_TPV - PID: 4460
2026-01-21 10:31:10,847 INFO: Arrancando KOOL_TPV - PID: 5224
2026-01-21 10:31:31,077 INFO: Arrancando KOOL_TPV - PID: 6016
2026-01-21 10:33:36,466 INFO: Arrancando KOOL_TPV - PID: 7443
2026-01-21 10:35:06,022 INFO: Arrancando KOOL_TPV - PID: 7798
2026-01-21 10:39:32,820 INFO: Arrancando KOOL_TPV - PID: 7979
2026-01-21 10:45:30,267 INFO: Arrancando KOOL_TPV - PID: 8246
2026-01-21 10:50:51,977 INFO: Arrancando KOOL_TPV - PID: 8507
2026-01-21 10:58:42,403 INFO: Arrancando KOOL_TPV - PID: 8794
2026-01-21 11:06:18,363 INFO: Arrancando KOOL_TPV - PID: 8987
2026-01-21 11:12:35,977 INFO: Arrancando KOOL_TPV - PID: 9235
2026-01-21 11:23:45,095 INFO: Arrancando KOOL_TPV - PID: 9433
2026-01-21 11:41:15,466 INFO: Arrancando KOOL_TPV - PID: 9688
2026-01-21 11:52:11,193 INFO: Arrancando KOOL_TPV - PID: 9881
2026-01-21 11:55:22,170 INFO: Arrancando KOOL_TPV - PID: 10050
2026-01-21 12:03:39,747 INFO: Arrancando KOOL_TPV - PID: 10251
2026-01-21 12:04:45,886 INFO: Arrancando KOOL_TPV - PID: 10412
2026-01-21 12:12:21,254 INFO: Arrancando KOOL_TPV - PID: 10575
2026-01-21 12:15:08,258 INFO: Arrancando KOOL_TPV - PID: 10789
2026-01-21 12:18:58,753 INFO: Arrancando KOOL_TPV - PID: 10962
2026-01-21 12:24:35,890 INFO: Arrancando KOOL_TPV - PID: 11137
2026-01-21 12:27:53,656 INFO: Arrancando KOOL_TPV - PID: 11305
2026-01-21 12:33:51,102 INFO: Arrancando KOOL_TPV - PID: 11482
2026-01-21 12:40:50,428 INFO: Arrancando KOOL_TPV - PID: 12088
2026-01-21 12:42:17,934 INFO: Arrancando KOOL_TPV - PID: 12254
2026-01-21 12:44:55,024 INFO: Arrancando KOOL_TPV - PID: 12418
2026-01-21 12:48:34,566 INFO: Arrancando KOOL_TPV - PID: 12595
2026-01-21 12:52:52,752 INFO: Arrancando KOOL_TPV - PID: 12766
2026-01-21 12:59:01,563 INFO: Arrancando KOOL_TPV - PID: 12975
2026-01-21 13:10:29,850 INFO: Arrancando KOOL_TPV - PID: 13175
2026-01-21 13:11:40,845 INFO: Imprimir tickets: True
2026-01-21 13:11:45,461 INFO: Imprimir tickets: False
2026-01-21 13:11:47,558 INFO: Imprimir tickets: True
2026-01-21 13:31:13,540 INFO: Arrancando KOOL_TPV - PID: 13774
2026-01-21 13:32:05,167 INFO: Imprimir tickets: False
2026-01-21 13:32:06,799 INFO: Imprimir tickets: True
2026-01-21 13:40:16,065 INFO: Arrancando KOOL_TPV - PID: 14179
2026-01-21 13:44:15,369 INFO: Arrancando KOOL_TPV - PID: 14401
2026-01-21 13:48:09,330 INFO: Arrancando KOOL_TPV - PID: 14830
2026-01-21 16:44:04,892 INFO: Arrancando KOOL_TPV - PID: 15207
2026-01-21 16:51:17,261 INFO: Arrancando KOOL_TPV - PID: 15405
2026-01-21 16:52:57,007 INFO: Arrancando KOOL_TPV - PID: 15572
2026-01-21 16:54:20,093 INFO: Imprimir tickets: False
2026-01-21 16:54:29,751 INFO: Imprimir tickets: True
2026-01-21 16:54:53,257 INFO: Imprimir tickets: False
2026-01-21 16:55:01,595 INFO: Imprimir tickets: True
2026-01-21 17:06:50,122 INFO: Arrancando KOOL_TPV - PID: 16040
2026-01-21 17:07:53,879 INFO: Arrancando KOOL_TPV - PID: 16196
2026-01-21 17:10:40,049 INFO: Arrancando KOOL_TPV - PID: 16610
2026-01-21 17:11:28,257 INFO: Arrancando KOOL_TPV - PID: 16762
2026-01-21 17:21:29,843 INFO: Arrancando KOOL_TPV - PID: 17589
2026-01-21 17:22:17,829 INFO: Arrancando KOOL_TPV - PID: 17751
2026-01-21 17:29:23,621 INFO: Arrancando KOOL_TPV - PID: 17927
2026-01-21 17:30:27,156 INFO: Arrancando KOOL_TPV - PID: 18093
2026-01-21 17:38:38,345 INFO: Arrancando KOOL_TPV - PID: 18283
2026-01-21 17:40:36,494 INFO: Arrancando KOOL_TPV - PID: 18439
2026-01-21 17:45:01,247 INFO: Arrancando KOOL_TPV - PID: 21436
2026-01-21 17:57:44,749 INFO: Arrancando KOOL_TPV - PID: 21651
2026-01-21 18:01:02,770 INFO: Arrancando KOOL_TPV - PID: 23493
2026-01-21 18:06:23,847 INFO: Arrancando KOOL_TPV - PID: 24316
2026-01-21 18:33:23,087 INFO: Arrancando KOOL_TPV - PID: 28062
2026-01-21 18:38:17,192 INFO: Arrancando KOOL_TPV - PID: 29398
2026-01-21 18:53:58,443 INFO: Arrancando KOOL_TPV - PID: 29833
2026-01-21 19:01:49,448 INFO: Arrancando KOOL_TPV - PID: 30418
2026-01-21 19:08:58,639 INFO: Arrancando KOOL_TPV - PID: 30605
2026-01-21 19:32:59,640 INFO: Arrancando KOOL_TPV - PID: 30853
2026-01-21 19:54:01,577 INFO: Arrancando KOOL_TPV - PID: 32298
2026-01-21 19:59:52,400 INFO: Arrancando KOOL_TPV - PID: 34907
2026-01-22 08:30:52,620 INFO: Arrancando KOOL_TPV - PID: 2646
2026-01-22 08:33:20,803 INFO: Arrancando KOOL_TPV - PID: 3045
2026-01-22 08:33:54,521 INFO: Arrancando KOOL_TPV - PID: 3263
2026-01-22 08:35:43,098 INFO: Arrancando KOOL_TPV - PID: 3582
2026-01-22 08:37:51,667 INFO: Arrancando KOOL_TPV - PID: 3915
2026-01-22 08:43:01,768 INFO: Arrancando KOOL_TPV - PID: 4232
2026-01-22 09:15:37,994 INFO: Arrancando KOOL_TPV - PID: 6655
2026-01-22 11:21:00,886 INFO: Arrancando KOOL_TPV - PID: 7204
2026-01-22 11:34:17,589 INFO: Arrancando KOOL_TPV - PID: 7421
2026-01-22 11:36:42,185 INFO: Arrancando KOOL_TPV - PID: 9486
2026-01-22 11:46:45,083 INFO: Arrancando KOOL_TPV - PID: 13140
2026-01-22 11:49:27,527 INFO: Arrancando KOOL_TPV - PID: 15299
2026-01-22 12:30:14,293 INFO: Arrancando KOOL_TPV - PID: 16132
2026-01-22 12:42:02,621 INFO: Arrancando KOOL_TPV - PID: 16599
2026-01-22 12:59:20,975 INFO: Arrancando KOOL_TPV - PID: 17283
2026-01-22 13:00:35,326 INFO: Arrancando KOOL_TPV - PID: 17445
2026-01-22 13:08:13,758 INFO: Arrancando KOOL_TPV - PID: 17762
2026-01-22 13:22:56,659 INFO: Arrancando KOOL_TPV - PID: 18239
2026-01-22 13:28:14,206 INFO: Arrancando KOOL_TPV - PID: 18642
2026-01-22 13:29:23,231 INFO: Arrancando KOOL_TPV - PID: 18796
2026-01-22 13:35:56,204 INFO: Arrancando KOOL_TPV - PID: 19282
2026-01-22 13:40:23,155 INFO: Arrancando KOOL_TPV - PID: 19451
2026-01-22 13:47:22,601 INFO: Arrancando KOOL_TPV - PID: 20129
2026-01-22 13:53:54,541 INFO: Arrancando KOOL_TPV - PID: 20600
2026-01-22 13:56:05,491 INFO: Arrancando KOOL_TPV - PID: 20764
2026-01-22 13:56:19,881 INFO: Imprimir tickets: False
2026-01-22 13:56:22,241 INFO: Imprimir tickets: True
2026-01-22 16:25:57,779 INFO: Arrancando KOOL_TPV - PID: 21055
2026-01-22 16:52:51,006 INFO: Arrancando KOOL_TPV - PID: 21361
2026-01-22 16:57:19,310 INFO: Arrancando KOOL_TPV - PID: 22067
2026-01-22 17:04:14,327 INFO: Arrancando KOOL_TPV - PID: 22378
2026-01-22 17:05:57,582 INFO: Arrancando KOOL_TPV - PID: 22537
2026-01-22 17:12:53,845 INFO: Arrancando KOOL_TPV - PID: 23339
2026-01-22 17:22:54,575 INFO: Arrancando KOOL_TPV - PID: 23756
2026-01-22 17:23:39,739 INFO: Arrancando KOOL_TPV - PID: 23977
2026-01-22 17:24:10,692 INFO: Arrancando KOOL_TPV - PID: 24142
2026-01-22 17:38:33,443 INFO: Arrancando KOOL_TPV - PID: 26390
2026-01-22 17:39:15,728 INFO: Arrancando KOOL_TPV - PID: 26608
2026-01-22 17:40:05,791 INFO: Arrancando KOOL_TPV - PID: 27145
2026-01-22 17:40:17,006 INFO: Arrancando KOOL_TPV - PID: 27793
2026-01-22 17:40:36,024 INFO: Arrancando KOOL_TPV - PID: 28441
2026-01-22 17:40:56,103 INFO: Arrancando KOOL_TPV - PID: 28588
2026-01-22 17:55:24,716 INFO: Arrancando KOOL_TPV - PID: 29423
2026-01-22 17:56:07,193 INFO: Arrancando KOOL_TPV - PID: 29571
2026-01-22 18:05:03,596 INFO: Arrancando KOOL_TPV - PID: 30351
2026-01-22 18:06:55,774 INFO: Arrancando KOOL_TPV - PID: 32370
2026-01-22 18:12:49,640 INFO: Arrancando KOOL_TPV - PID: 33457
2026-01-22 18:13:36,507 INFO: Arrancando KOOL_TPV - PID: 34370
2026-01-22 18:14:04,662 INFO: Arrancando KOOL_TPV - PID: 35187
2026-01-22 18:15:43,622 INFO: Arrancando KOOL_TPV - PID: 36054
2026-01-22 18:26:48,796 INFO: Arrancando KOOL_TPV - PID: 36630
2026-01-22 18:27:18,828 INFO: Arrancando KOOL_TPV - PID: 36788
2026-01-23 09:27:40,716 INFO: Arrancando KOOL_TPV - PID: 3634
2026-01-23 09:31:23,355 INFO: Arrancando KOOL_TPV - PID: 3844
2026-01-23 09:37:30,541 INFO: Arrancando KOOL_TPV - PID: 4047
2026-01-23 09:44:22,719 INFO: Arrancando KOOL_TPV - PID: 4248
2026-01-23 09:50:36,837 INFO: Arrancando KOOL_TPV - PID: 4448
2026-01-23 09:53:42,155 INFO: Arrancando KOOL_TPV - PID: 4635
2026-01-23 09:56:27,520 INFO: Arrancando KOOL_TPV - PID: 4826
2026-01-23 09:58:14,642 INFO: Arrancando KOOL_TPV - PID: 5003
2026-01-23 10:02:39,799 INFO: Arrancando KOOL_TPV - PID: 5208
2026-01-23 10:02:59,127 INFO: Arrancando KOOL_TPV - PID: 5543
2026-01-23 10:03:33,493 INFO: Arrancando KOOL_TPV - PID: 5907
2026-01-23 10:04:02,767 INFO: Arrancando KOOL_TPV - PID: 6262
2026-01-23 10:04:48,207 INFO: Arrancando KOOL_TPV - PID: 6626
2026-01-23 10:05:54,678 INFO: Arrancando KOOL_TPV - PID: 6817
2026-01-23 10:07:29,750 INFO: Arrancando KOOL_TPV - PID: 6904
2026-01-23 10:09:51,681 INFO: Arrancando KOOL_TPV - PID: 7218
2026-01-23 10:10:21,317 INFO: Arrancando KOOL_TPV - PID: 7406
2026-01-23 10:20:06,865 INFO: Arrancando KOOL_TPV - PID: 7842
2026-01-23 11:30:04,688 INFO: Arrancando KOOL_TPV - PID: 8797
2026-01-23 11:34:47,253 INFO: Arrancando KOOL_TPV - PID: 9000
2026-01-23 11:49:34,860 INFO: Arrancando KOOL_TPV - PID: 9254
2026-01-23 11:52:17,606 INFO: Arrancando KOOL_TPV - PID: 9476
2026-01-23 11:57:22,076 INFO: Arrancando KOOL_TPV - PID: 9829
2026-01-23 12:00:11,614 INFO: Arrancando KOOL_TPV - PID: 10186
2026-01-23 12:02:06,139 INFO: Arrancando KOOL_TPV - PID: 10354
2026-01-23 12:07:31,865 INFO: Arrancando KOOL_TPV - PID: 13328
2026-01-23 12:15:15,359 INFO: Arrancando KOOL_TPV - PID: 13537
2026-01-23 12:19:31,992 INFO: Arrancando KOOL_TPV - PID: 13885
2026-01-23 12:23:45,560 INFO: Arrancando KOOL_TPV - PID: 14458
2026-01-23 13:13:43,851 INFO: Arrancando KOOL_TPV - PID: 16681
2026-01-23 13:16:49,072 INFO: Arrancando KOOL_TPV - PID: 17167
2026-01-23 13:23:35,344 INFO: Arrancando KOOL_TPV - PID: 17354
2026-01-23 13:24:11,147 INFO: Arrancando KOOL_TPV - PID: 17526
2026-01-23 13:25:21,873 INFO: Arrancando KOOL_TPV - PID: 17585
2026-01-23 13:26:02,623 INFO: Arrancando KOOL_TPV - PID: 17715
2026-01-23 13:28:22,688 INFO: Arrancando KOOL_TPV - PID: 17887
2026-01-23 13:35:49,728 INFO: Arrancando KOOL_TPV - PID: 18075
2026-01-23 13:41:53,426 INFO: Arrancando KOOL_TPV - PID: 18477
2026-01-23 13:49:52,448 INFO: Arrancando KOOL_TPV - PID: 18842
2026-01-23 14:05:12,632 INFO: Arrancando KOOL_TPV - PID: 20217
2026-01-23 14:06:38,565 INFO: Arrancando KOOL_TPV - PID: 20386
2026-01-24 10:53:49,351 INFO: Arrancando KOOL_TPV - PID: 4125
2026-01-24 11:31:23,590 INFO: Arrancando KOOL_TPV - PID: 5021
2026-01-24 11:53:03,891 INFO: Arrancando KOOL_TPV - PID: 5486
2026-01-24 11:59:51,822 INFO: Arrancando KOOL_TPV - PID: 5696
2026-01-24 12:04:08,050 INFO: Arrancando KOOL_TPV - PID: 5882
2026-01-24 12:09:45,232 INFO: Arrancando KOOL_TPV - PID: 6092
2026-01-24 12:10:05,359 ERROR: Error en canje de puntos
Traceback (most recent call last):
  File "/Volumes/ALMACEN/KOOL_THINGS/Kool_TPV/modulos/tpv/ui_ventas.py", line 511, in _canjear_puntos
    pts = self._mostrar_dialogo_canje(saldo)
                                      ^^^^^
UnboundLocalError: cannot access local variable 'saldo' where it is not associated with a value
2026-01-24 12:10:11,696 ERROR: Error en canje de puntos
Traceback (most recent call last):
  File "/Volumes/ALMACEN/KOOL_THINGS/Kool_TPV/modulos/tpv/ui_ventas.py", line 511, in _canjear_puntos
    pts = self._mostrar_dialogo_canje(saldo)
                                      ^^^^^
UnboundLocalError: cannot access local variable 'saldo' where it is not associated with a value
2026-01-24 12:10:14,663 ERROR: Error en canje de puntos
Traceback (most recent call last):
  File "/Volumes/ALMACEN/KOOL_THINGS/Kool_TPV/modulos/tpv/ui_ventas.py", line 511, in _canjear_puntos
    pts = self._mostrar_dialogo_canje(saldo)
                                      ^^^^^
UnboundLocalError: cannot access local variable 'saldo' where it is not associated with a value
2026-01-24 12:14:00,516 INFO: Arrancando KOOL_TPV - PID: 6282
2026-01-24 12:14:13,751 ERROR: Error en canje de puntos
Traceback (most recent call last):
  File "/Volumes/ALMACEN/KOOL_THINGS/Kool_TPV/modulos/tpv/ui_ventas.py", line 515, in _canjear_puntos
    pts = self._mostrar_dialogo_canje(saldo)
          ^^^^^^^^^^^^^^^^^^^^^^^^^^^
AttributeError: 'CajaVentas' object has no attribute '_mostrar_dialogo_canje'
2026-01-24 12:14:22,807 ERROR: Error en canje de puntos
Traceback (most recent call last):
  File "/Volumes/ALMACEN/KOOL_THINGS/Kool_TPV/modulos/tpv/ui_ventas.py", line 515, in _canjear_puntos
    pts = self._mostrar_dialogo_canje(saldo)
          ^^^^^^^^^^^^^^^^^^^^^^^^^^^
AttributeError: 'CajaVentas' object has no attribute '_mostrar_dialogo_canje'
2026-01-24 12:14:24,007 ERROR: Error en canje de puntos
Traceback (most recent call last):
  File "/Volumes/ALMACEN/KOOL_THINGS/Kool_TPV/modulos/tpv/ui_ventas.py", line 515, in _canjear_puntos
    pts = self._mostrar_dialogo_canje(saldo)
          ^^^^^^^^^^^^^^^^^^^^^^^^^^^
AttributeError: 'CajaVentas' object has no attribute '_mostrar_dialogo_canje'
2026-01-24 12:18:31,679 INFO: Arrancando KOOL_TPV - PID: 6475
2026-01-24 12:18:54,930 INFO: Arrancando KOOL_TPV - PID: 6639
2026-01-24 12:25:34,136 INFO: Arrancando KOOL_TPV - PID: 7212
2026-01-24 12:29:17,367 INFO: Arrancando KOOL_TPV - PID: 7394
2026-01-24 12:35:27,889 INFO: Arrancando KOOL_TPV - PID: 7583
2026-01-24 12:39:37,224 INFO: Arrancando KOOL_TPV - PID: 7967
2026-01-24 12:55:41,782 INFO: Arrancando KOOL_TPV - PID: 8242
2026-01-24 13:19:20,863 INFO: Arrancando KOOL_TPV - PID: 9185
2026-01-24 13:24:42,969 INFO: Arrancando KOOL_TPV - PID: 9397
2026-01-24 13:40:01,191 INFO: Arrancando KOOL_TPV - PID: 10125
2026-01-24 13:44:32,301 INFO: Arrancando KOOL_TPV - PID: 10328
2026-01-24 13:46:46,505 INFO: Arrancando KOOL_TPV - PID: 10501
2026-01-25 10:20:55,612 INFO: Arrancando KOOL_TPV - PID: 4481
2026-01-25 10:25:00,188 INFO: Arrancando KOOL_TPV - PID: 4684
2026-01-25 10:36:46,031 INFO: Arrancando KOOL_TPV - PID: 5129
2026-01-25 10:50:40,927 INFO: Arrancando KOOL_TPV - PID: 5548
2026-01-25 10:54:03,105 INFO: Arrancando KOOL_TPV - PID: 5947
2026-01-25 10:57:24,419 INFO: Arrancando KOOL_TPV - PID: 6452
2026-01-25 11:02:11,546 INFO: Arrancando KOOL_TPV - PID: 6840
2026-01-25 11:16:42,958 INFO: Arrancando KOOL_TPV - PID: 7045
2026-01-25 11:33:45,451 INFO: Arrancando KOOL_TPV - PID: 7842
2026-01-25 11:38:59,245 INFO: Arrancando KOOL_TPV - PID: 8171
2026-01-25 11:43:18,722 INFO: Arrancando KOOL_TPV - PID: 8516
2026-01-25 11:44:46,884 INFO: Arrancando KOOL_TPV - PID: 8681
2026-01-25 11:49:20,570 INFO: Arrancando KOOL_TPV - PID: 9031
2026-01-25 12:06:09,785 INFO: Arrancando KOOL_TPV - PID: 9622
2026-01-25 12:12:46,863 INFO: Arrancando KOOL_TPV - PID: 9984
2026-01-25 12:17:44,837 INFO: Arrancando KOOL_TPV - PID: 10406
2026-01-25 12:18:52,055 INFO: Arrancando KOOL_TPV - PID: 10572
2026-01-25 12:21:19,536 INFO: Arrancando KOOL_TPV - PID: 10963
2026-01-25 12:30:28,960 INFO: Arrancando KOOL_TPV - PID: 11556
2026-01-25 12:47:09,465 INFO: Arrancando KOOL_TPV - PID: 11962
2026-01-25 12:52:45,148 INFO: Arrancando KOOL_TPV - PID: 12322
2026-01-25 13:20:20,643 INFO: Arrancando KOOL_TPV - PID: 12775
2026-01-25 13:27:18,505 INFO: Arrancando KOOL_TPV - PID: 12973
2026-01-27 09:06:35,014 INFO: Arrancando KOOL_TPV - PID: 4240
2026-01-27 09:21:27,344 INFO: Arrancando KOOL_TPV - PID: 5720
2026-01-27 09:23:12,338 INFO: Arrancando KOOL_TPV - PID: 5889
2026-01-27 09:34:16,947 INFO: Arrancando KOOL_TPV - PID: 6135
2026-01-27 09:43:34,253 INFO: Arrancando KOOL_TPV - PID: 6390
2026-01-27 09:45:09,994 INFO: Arrancando KOOL_TPV - PID: 6917
2026-01-27 09:50:32,958 INFO: Arrancando KOOL_TPV - PID: 7140
2026-01-27 09:50:54,969 INFO: Arrancando KOOL_TPV - PID: 7299
2026-01-27 09:53:16,788 INFO: Arrancando KOOL_TPV - PID: 7468
2026-01-27 10:00:01,075 INFO: Arrancando KOOL_TPV - PID: 7887
2026-01-27 10:21:19,717 INFO: Arrancando KOOL_TPV - PID: 8434
2026-01-27 10:26:22,211 INFO: Arrancando KOOL_TPV - PID: 8847
2026-01-27 10:39:20,089 INFO: Arrancando KOOL_TPV - PID: 10061
2026-01-27 10:43:27,776 INFO: Arrancando KOOL_TPV - PID: 10679
2026-01-27 10:53:33,510 INFO: Arrancando KOOL_TPV - PID: 11288
2026-01-27 11:02:09,020 INFO: Arrancando KOOL_TPV - PID: 11717
2026-01-27 11:08:29,436 INFO: Arrancando KOOL_TPV - PID: 12138
2026-01-27 11:20:28,127 INFO: Arrancando KOOL_TPV - PID: 12909
2026-01-27 11:32:00,982 INFO: Arrancando KOOL_TPV - PID: 13905
2026-01-27 11:41:06,254 INFO: Arrancando KOOL_TPV - PID: 14133
2026-01-27 12:04:36,404 INFO: Arrancando KOOL_TPV - PID: 14674
2026-01-27 12:07:14,564 INFO: Arrancando KOOL_TPV - PID: 14863
2026-01-27 12:16:51,537 INFO: Arrancando KOOL_TPV - PID: 15414
2026-01-27 12:23:52,924 INFO: Arrancando KOOL_TPV - PID: 15888
2026-01-27 12:29:45,886 INFO: Arrancando KOOL_TPV - PID: 16364
2026-01-27 12:45:22,654 INFO: Arrancando KOOL_TPV - PID: 17146
2026-01-27 12:56:12,176 INFO: Arrancando KOOL_TPV - PID: 19617
2026-01-27 13:04:16,859 INFO: Arrancando KOOL_TPV - PID: 19833
2026-01-27 13:11:07,881 INFO: Arrancando KOOL_TPV - PID: 20057
2026-01-27 13:11:31,847 INFO: Arrancando KOOL_TPV - PID: 20212
2026-01-27 13:12:02,358 INFO: Arrancando KOOL_TPV - PID: 20419
2026-01-27 13:12:37,425 INFO: Arrancando KOOL_TPV - PID: 20630
2026-01-27 13:13:02,060 INFO: Arrancando KOOL_TPV - PID: 20841
2026-01-27 13:14:53,594 INFO: Arrancando KOOL_TPV - PID: 20981
2026-01-27 13:15:58,600 INFO: Arrancando KOOL_TPV - PID: 21162
2026-01-27 13:17:16,133 INFO: Arrancando KOOL_TPV - PID: 21339
2026-01-27 13:18:43,022 INFO: Arrancando KOOL_TPV - PID: 21512
2026-01-27 13:24:52,352 INFO: Arrancando KOOL_TPV - PID: 21780
2026-01-27 13:40:36,283 INFO: Arrancando KOOL_TPV - PID: 22767
2026-01-27 16:38:40,638 INFO: Arrancando KOOL_TPV - PID: 4169
2026-01-27 16:49:40,083 INFO: Arrancando KOOL_TPV - PID: 4663
2026-01-27 17:09:45,896 INFO: Arrancando KOOL_TPV - PID: 5088
2026-01-27 17:11:31,372 INFO: Arrancando KOOL_TPV - PID: 5266
2026-01-27 17:24:26,603 INFO: Arrancando KOOL_TPV - PID: 5747
2026-01-27 17:25:22,732 INFO: Arrancando KOOL_TPV - PID: 5907
2026-01-27 17:37:44,728 INFO: Arrancando KOOL_TPV - PID: 6277
2026-01-27 18:15:58,735 INFO: Arrancando KOOL_TPV - PID: 6795
2026-01-27 18:28:15,680 INFO: Arrancando KOOL_TPV - PID: 7400
2026-01-27 18:41:24,160 INFO: Arrancando KOOL_TPV - PID: 7934
2026-01-27 18:43:58,737 INFO: Arrancando KOOL_TPV - PID: 8412
2026-01-27 18:46:52,284 INFO: Arrancando KOOL_TPV - PID: 8593
2026-01-27 18:49:07,418 INFO: Arrancando KOOL_TPV - PID: 8758
2026-01-27 18:56:23,408 INFO: Arrancando KOOL_TPV - PID: 9509
2026-01-27 18:59:06,552 INFO: Arrancando KOOL_TPV - PID: 9885
2026-01-27 19:17:16,280 INFO: Arrancando KOOL_TPV - PID: 10156
2026-01-27 19:21:34,687 INFO: Arrancando KOOL_TPV - PID: 10576
2026-01-27 19:46:06,660 INFO: Arrancando KOOL_TPV - PID: 11419
2026-01-28 08:51:31,060 INFO: Arrancando KOOL_TPV - PID: 4290
2026-01-28 09:04:06,943 INFO: Arrancando KOOL_TPV - PID: 4662
